<?xml version="1.0" encoding="UTF-8"?>
<testng-results skipped="0" failed="0" ignored="0" total="3" passed="3">
  <reporter-output>
  </reporter-output>
  <suite name="Suite" duration-ms="19824" started-at="2018-07-18T08:55:43Z" finished-at="2018-07-18T08:56:02Z">
    <groups>
    </groups>
    <test name="Test" duration-ms="19824" started-at="2018-07-18T08:55:43Z" finished-at="2018-07-18T08:56:02Z">
      <class name="edureka.NewTest">
        <test-method status="PASS" signature="beforeTest()[pri:0, instance:edureka.NewTest@612fc6eb]" name="beforeTest" is-config="true" duration-ms="2611" started-at="2018-07-18T08:55:43Z" finished-at="2018-07-18T08:55:45Z">
          <reporter-output>
          </reporter-output>
        </test-method> <!-- beforeTest -->
        <test-method status="PASS" signature="testEasy()[pri:0, instance:edureka.NewTest@612fc6eb]" name="testEasy" duration-ms="4977" started-at="2018-07-18T08:55:45Z" finished-at="2018-07-18T08:55:50Z">
          <reporter-output>
          </reporter-output>
        </test-method> <!-- testEasy -->
        <test-method status="PASS" signature="exceldata()[pri:1, instance:edureka.NewTest@612fc6eb]" name="exceldata" duration-ms="1209" started-at="2018-07-18T08:55:50Z" finished-at="2018-07-18T08:55:51Z">
          <reporter-output>
          </reporter-output>
        </test-method> <!-- exceldata -->
        <test-method status="PASS" signature="actions()[pri:2, instance:edureka.NewTest@612fc6eb]" name="actions" duration-ms="10995" started-at="2018-07-18T08:55:51Z" finished-at="2018-07-18T08:56:02Z">
          <reporter-output>
          </reporter-output>
        </test-method> <!-- actions -->
        <test-method status="PASS" signature="afterTest()[pri:0, instance:edureka.NewTest@612fc6eb]" name="afterTest" is-config="true" duration-ms="0" started-at="2018-07-18T08:56:02Z" finished-at="2018-07-18T08:56:02Z">
          <reporter-output>
          </reporter-output>
        </test-method> <!-- afterTest -->
      </class> <!-- edureka.NewTest -->
    </test> <!-- Test -->
  </suite> <!-- Suite -->
</testng-results>
