<?xml version="1.0" encoding="UTF-8"?>
<!-- Generated by org.testng.reporters.JUnitXMLReporter -->
<testsuite hostname="INDHYDEWS013" ignored="0" name="Default test" tests="3" failures="0" timestamp="18 Jul 2018 06:45:12 GMT" time="19.014" errors="0">
  <testcase name="testEasy" time="4.659" classname="edureka.NewTest"/>
  <testcase name="exceldata" time="1.319" classname="edureka.NewTest"/>
  <testcase name="actions" time="10.328" classname="edureka.NewTest"/>
</testsuite> <!-- Default test -->
